#
# A fatal error has been detected by the Java Runtime Environment:
#
#  Internal Error (safepoint.cpp:310), pid=706, tid=10499
#  guarantee(PageArmed == 0) failed: invariant
#
# JRE version: Java(TM) SE Runtime Environment (8.0_45-b14) (build 1.8.0_45-b14)
# Java VM: Java HotSpot(TM) 64-Bit Server VM (25.45-b02 mixed mode bsd-amd64 compressed oops)
# Failed to write core dump. Core dumps have been disabled. To enable core dumping, try "ulimit -c unlimited" before starting Java again
#
# If you would like to submit a bug report, please visit:
#   http://bugreport.java.com/bugreport/crash.jsp
#

---------------  T H R E A D  ---------------

Current thread (0x00007fcd2a85a000):  VMThread [stack: 0x0000000120021000,0x0000000120121000] [id=10499]

Stack: [0x0000000120021000,0x0000000120121000],  sp=0x0000000120120910,  free space=1022k
Native frames: (J=compiled Java code, j=interpreted, Vv=VM code, C=native code)
V  [libjvm.dylib+0x58e7ba]  VMError::report_and_die()+0x3f8
V  [libjvm.dylib+0x1e037f]  report_vm_error(char const*, int, char const*, char const*)+0x54
V  [libjvm.dylib+0x4c2e84]  SafepointSynchronize::begin()+0x2be
V  [libjvm.dylib+0x594a27]  VMThread::loop()+0x319
V  [libjvm.dylib+0x594355]  VMThread::run()+0x79
V  [libjvm.dylib+0x46ea7e]  java_start(Thread*)+0xf6
C  [libsystem_pthread.dylib+0x3268]  _pthread_body+0x83
C  [libsystem_pthread.dylib+0x31e5]  _pthread_body+0x0
C  [libsystem_pthread.dylib+0x141d]  thread_start+0xd

VM_Operation (0x000000012046a658): Exit, mode: safepoint, requested by thread 0x00007fcd2b002000


---------------  P R O C E S S  ---------------

Java Threads: ( => current thread )
  0x00007fcd2b002000 JavaThread "SIGTERM handler" daemon [_thread_blocked, id=12299, stack(0x000000012036b000,0x000000012046b000)]
  0x00007fcd2b001000 JavaThread "Service Thread" daemon [_thread_blocked, id=18179, stack(0x0000000122053000,0x0000000122153000)]
  0x00007fcd2a832800 JavaThread "C1 CompilerThread2" daemon [_thread_blocked, id=17667, stack(0x0000000121f50000,0x0000000122050000)]
  0x00007fcd2a85f000 JavaThread "C2 CompilerThread1" daemon [_thread_blocked, id=17155, stack(0x0000000121e4d000,0x0000000121f4d000)]
  0x00007fcd2983a000 JavaThread "C2 CompilerThread0" daemon [_thread_blocked, id=16643, stack(0x0000000121d4a000,0x0000000121e4a000)]
  0x00007fcd29821000 JavaThread "Signal Dispatcher" daemon [_thread_in_vm, id=12563, stack(0x0000000121c47000,0x0000000121d47000)]
  0x00007fcd2a85d000 JavaThread "Finalizer" daemon [_thread_blocked, id=11523, stack(0x0000000120227000,0x0000000120327000)]
  0x00007fcd2a85c800 JavaThread "Reference Handler" daemon [_thread_blocked, id=11011, stack(0x0000000120124000,0x0000000120224000)]
  0x00007fcd2980c000 JavaThread "main" [_thread_in_Java, id=4867, stack(0x000000010a16a000,0x000000010a26a000)]

Other Threads:
=>0x00007fcd2a85a000 VMThread [stack: 0x0000000120021000,0x0000000120121000] [id=10499]

VM state:synchronizing (normal execution)

VM Mutex/Monitor currently owned by a thread:  ([mutex/lock_event])
[0x00007fcd29603740] Safepoint_lock - owner thread: 0x00007fcd2a85a000
[0x00007fcd296037c0] Threads_lock - owner thread: 0x00007fcd2a85a000

Heap:
 PSYoungGen      total 71680K, used 7252K [0x0000000795580000, 0x000000079a080000, 0x00000007c0000000)
  eden space 66560K, 10% used [0x0000000795580000,0x0000000795c95248,0x0000000799680000)
  from space 5120K, 0% used [0x0000000799b80000,0x0000000799b80000,0x000000079a080000)
  to   space 5120K, 0% used [0x0000000799680000,0x0000000799680000,0x0000000799b80000)
 ParOldGen       total 151552K, used 55539K [0x0000000740000000, 0x0000000749400000, 0x0000000795580000)
  object space 151552K, 36% used [0x0000000740000000,0x000000074363cd60,0x0000000749400000)
 Metaspace       used 2773K, capacity 4490K, committed 4864K, reserved 1056768K
  class space    used 299K, capacity 386K, committed 512K, reserved 1048576K

Card table byte_map: [0x0000000119672000,0x0000000119a73000] byte_map_base: 0x0000000115c72000

Marking Bits: (ParMarkBitMap*) 0x0000000109ac27a0
 Begin Bits: [0x000000011a12a000, 0x000000011c12a000)
 End Bits:   [0x000000011c12a000, 0x000000011e12a000)

Polling page: 0x00000001089fd000

CodeCache: size=245760Kb used=1314Kb max_used=1325Kb free=244445Kb
 bounds [0x000000010a2b2000, 0x000000010a522000, 0x00000001192b2000]
 total_blobs=304 nmethods=64 adapters=154
 compilation: enabled

Compilation events (10 events):
Event: 1.155 Thread 0x00007fcd2a832800 nmethod 60 0x000000010a3e3d50 code [0x000000010a3e3ec0, 0x000000010a3e40b0]
Event: 1.156 Thread 0x00007fcd2a832800   61 %     3       javaBasic.ListEfficiencyTest::main @ 215 (387 bytes)
Event: 1.156 Thread 0x00007fcd2a85f000 nmethod 59% 0x000000010a3f03d0 code [0x000000010a3f0520, 0x000000010a3f0658]
Event: 1.156 Thread 0x00007fcd2983a000   62       4       java.util.LinkedList::node (65 bytes)
Event: 1.158 Thread 0x00007fcd2983a000 nmethod 62 0x000000010a3f0050 code [0x000000010a3f01a0, 0x000000010a3f02b8]
Event: 1.160 Thread 0x00007fcd2a832800 nmethod 61% 0x000000010a3f3c10 code [0x000000010a3f4440, 0x000000010a3f9f38]
Event: 4.180 Thread 0x00007fcd2a85f000   63 %     4       javaBasic.ListEfficiencyTest::main @ 215 (387 bytes)
Event: 4.184 Thread 0x00007fcd2a85f000 nmethod 63% 0x000000010a3ef950 code [0x000000010a3efac0, 0x000000010a3efd38]
Event: 5.549 Thread 0x00007fcd2983a000   64       4       java.util.LinkedList::get (14 bytes)
Event: 5.551 Thread 0x00007fcd2983a000 nmethod 64 0x000000010a3fdc90 code [0x000000010a3fdde0, 0x000000010a3fdf58]

GC Heap History (6 events):
Event: 0.116 GC heap before
{Heap before GC invocations=1 (full 0):
 PSYoungGen      total 38400K, used 33280K [0x0000000795580000, 0x0000000798000000, 0x00000007c0000000)
  eden space 33280K, 100% used [0x0000000795580000,0x0000000797600000,0x0000000797600000)
  from space 5120K, 0% used [0x0000000797b00000,0x0000000797b00000,0x0000000798000000)
  to   space 5120K, 0% used [0x0000000797600000,0x0000000797600000,0x0000000797b00000)
 ParOldGen       total 87552K, used 0K [0x0000000740000000, 0x0000000745580000, 0x0000000795580000)
  object space 87552K, 0% used [0x0000000740000000,0x0000000740000000,0x0000000745580000)
 Metaspace       used 2764K, capacity 4490K, committed 4864K, reserved 1056768K
  class space    used 297K, capacity 386K, committed 512K, reserved 1048576K
Event: 0.155 GC heap after
Heap after GC invocations=1 (full 0):
 PSYoungGen      total 38400K, used 5116K [0x0000000795580000, 0x000000079a080000, 0x00000007c0000000)
  eden space 33280K, 0% used [0x0000000795580000,0x0000000795580000,0x0000000797600000)
  from space 5120K, 99% used [0x0000000797600000,0x0000000797aff020,0x0000000797b00000)
  to   space 5120K, 0% used [0x0000000799b80000,0x0000000799b80000,0x000000079a080000)
 ParOldGen       total 87552K, used 17208K [0x0000000740000000, 0x0000000745580000, 0x0000000795580000)
  object space 87552K, 19% used [0x0000000740000000,0x00000007410ce000,0x0000000745580000)
 Metaspace       used 2764K, capacity 4490K, committed 4864K, reserved 1056768K
  class space    used 297K, capacity 386K, committed 512K, reserved 1048576K
}
Event: 0.171 GC heap before
{Heap before GC invocations=2 (full 0):
 PSYoungGen      total 38400K, used 38396K [0x0000000795580000, 0x000000079a080000, 0x00000007c0000000)
  eden space 33280K, 100% used [0x0000000795580000,0x0000000797600000,0x0000000797600000)
  from space 5120K, 99% used [0x0000000797600000,0x0000000797aff020,0x0000000797b00000)
  to   space 5120K, 0% used [0x0000000799b80000,0x0000000799b80000,0x000000079a080000)
 ParOldGen       total 87552K, used 17208K [0x0000000740000000, 0x0000000745580000, 0x0000000795580000)
  object space 87552K, 19% used [0x0000000740000000,0x00000007410ce000,0x0000000745580000)
 Metaspace       used 2765K, capacity 4490K, committed 4864K, reserved 1056768K
  class space    used 297K, capacity 386K, committed 512K, reserved 1048576K
Event: 0.292 GC heap after
Heap after GC invocations=2 (full 0):
 PSYoungGen      total 71680K, used 5116K [0x0000000795580000, 0x000000079a080000, 0x00000007c0000000)
  eden space 66560K, 0% used [0x0000000795580000,0x0000000795580000,0x0000000799680000)
  from space 5120K, 99% used [0x0000000799b80000,0x000000079a07f020,0x000000079a080000)
  to   space 5120K, 0% used [0x0000000799680000,0x0000000799680000,0x0000000799b80000)
 ParOldGen       total 87552K, used 50608K [0x0000000740000000, 0x0000000745580000, 0x0000000795580000)
  object space 87552K, 57% used [0x0000000740000000,0x000000074316c000,0x0000000745580000)
 Metaspace       used 2765K, capacity 4490K, committed 4864K, reserved 1056768K
  class space    used 297K, capacity 386K, committed 512K, reserved 1048576K
}
Event: 0.292 GC heap before
{Heap before GC invocations=3 (full 1):
 PSYoungGen      total 71680K, used 5116K [0x0000000795580000, 0x000000079a080000, 0x00000007c0000000)
  eden space 66560K, 0% used [0x0000000795580000,0x0000000795580000,0x0000000799680000)
  from space 5120K, 99% used [0x0000000799b80000,0x000000079a07f020,0x000000079a080000)
  to   space 5120K, 0% used [0x0000000799680000,0x0000000799680000,0x0000000799b80000)
 ParOldGen       total 87552K, used 50608K [0x0000000740000000, 0x0000000745580000, 0x0000000795580000)
  object space 87552K, 57% used [0x0000000740000000,0x000000074316c000,0x0000000745580000)
 Metaspace       used 2765K, capacity 4490K, committed 4864K, reserved 1056768K
  class space    used 297K, capacity 386K, committed 512K, reserved 1048576K
Event: 1.145 GC heap after
Heap after GC invocations=3 (full 1):
 PSYoungGen      total 71680K, used 0K [0x0000000795580000, 0x000000079a080000, 0x00000007c0000000)
  eden space 66560K, 0% used [0x0000000795580000,0x0000000795580000,0x0000000799680000)
  from space 5120K, 0% used [0x0000000799b80000,0x0000000799b80000,0x000000079a080000)
  to   space 5120K, 0% used [0x0000000799680000,0x0000000799680000,0x0000000799b80000)
 ParOldGen       total 151552K, used 55539K [0x0000000740000000, 0x0000000749400000, 0x0000000795580000)
  object space 151552K, 36% used [0x0000000740000000,0x000000074363cd60,0x0000000749400000)
 Metaspace       used 2765K, capacity 4490K, committed 4864K, reserved 1056768K
  class space    used 297K, capacity 386K, committed 512K, reserved 1048576K
}

Deoptimization events (4 events):
Event: 0.108 Thread 0x00007fcd2980c000 Uncommon trap: reason=unstable_if action=reinterpret pc=0x000000010a3ce678 method=javaBasic.ListEfficiencyTest.main([Ljava/lang/String;)V @ 43
Event: 0.109 Thread 0x00007fcd2980c000 Uncommon trap: reason=unstable_if action=reinterpret pc=0x000000010a3cf1b4 method=java.lang.Integer.valueOf(I)Ljava/lang/Integer; @ 10
Event: 1.146 Thread 0x00007fcd2980c000 Uncommon trap: reason=unstable_if action=reinterpret pc=0x000000010a3d1c08 method=javaBasic.ListEfficiencyTest.main([Ljava/lang/String;)V @ 107
Event: 1.154 Thread 0x00007fcd2980c000 Uncommon trap: reason=unstable_if action=reinterpret pc=0x000000010a3d2b18 method=javaBasic.ListEfficiencyTest.main([Ljava/lang/String;)V @ 168

Internal exceptions (2 events):
Event: 0.034 Thread 0x00007fcd2980c000 Exception <a 'java/lang/NoSuchMethodError': Method sun.misc.Unsafe.defineClass(Ljava/lang/String;[BII)Ljava/lang/Class; name or signature does not match> (0x0000000795592db0) thrown at [/Users/java_re/workspace/8-2-build-macosx-x86_64/jdk8u45/3457/hotspot
Event: 0.034 Thread 0x00007fcd2980c000 Exception <a 'java/lang/NoSuchMethodError': Method sun.misc.Unsafe.prefetchRead(Ljava/lang/Object;J)V name or signature does not match> (0x0000000795593040) thrown at [/Users/java_re/workspace/8-2-build-macosx-x86_64/jdk8u45/3457/hotspot/src/share/vm/prim

Events (10 events):
Event: 5.549 Thread 0x00007fcd2980c000 DEOPT PACKING pc=0x000000010a3f9659 sp=0x000000010a2696f0
Event: 5.549 Thread 0x00007fcd2980c000 DEOPT UNPACKING pc=0x000000010a2f9633 sp=0x000000010a269608 mode 0
Event: 609.744 loading class sun/misc/Signal$1
Event: 609.745 loading class sun/misc/Signal$1 done
Event: 609.745 Thread 0x00007fcd2b002000 Thread added: 0x00007fcd2b002000
Event: 609.745 loading class java/lang/Shutdown
Event: 609.745 loading class java/lang/Shutdown done
Event: 609.745 loading class java/lang/Shutdown$Lock
Event: 609.746 loading class java/lang/Shutdown$Lock done
Event: 609.746 Executing VM operation: Exit


Dynamic libraries:
0x000000000b90f000 	/System/Library/Frameworks/Cocoa.framework/Versions/A/Cocoa
0x000000000b90f000 	/System/Library/Frameworks/Security.framework/Versions/A/Security
0x000000000b90f000 	/System/Library/Frameworks/ApplicationServices.framework/Versions/A/ApplicationServices
0x000000000b90f000 	/usr/lib/libz.1.dylib
0x000000000b90f000 	/usr/lib/libSystem.B.dylib
0x000000000b90f000 	/usr/lib/libobjc.A.dylib
0x000000000b90f000 	/System/Library/Frameworks/CoreFoundation.framework/Versions/A/CoreFoundation
0x000000000b90f000 	/System/Library/Frameworks/Foundation.framework/Versions/C/Foundation
0x000000000b90f000 	/System/Library/Frameworks/AppKit.framework/Versions/C/AppKit
0x000000000b90f000 	/System/Library/Frameworks/CoreData.framework/Versions/A/CoreData
0x000000000b90f000 	/System/Library/PrivateFrameworks/RemoteViewServices.framework/Versions/A/RemoteViewServices
0x000000000b90f000 	/System/Library/PrivateFrameworks/UIFoundation.framework/Versions/A/UIFoundation
0x000000000b90f000 	/System/Library/Frameworks/IOSurface.framework/Versions/A/IOSurface
0x000000000b90f000 	/System/Library/Frameworks/AudioToolbox.framework/Versions/A/AudioToolbox
0x000000000b90f000 	/System/Library/Frameworks/AudioUnit.framework/Versions/A/AudioUnit
0x000000000b90f000 	/System/Library/PrivateFrameworks/DataDetectorsCore.framework/Versions/A/DataDetectorsCore
0x000000000b90f000 	/System/Library/PrivateFrameworks/DesktopServicesPriv.framework/Versions/A/DesktopServicesPriv
0x000000000b90f000 	/System/Library/Frameworks/Carbon.framework/Versions/A/Frameworks/HIToolbox.framework/Versions/A/HIToolbox
0x000000000b90f000 	/System/Library/Frameworks/QuartzCore.framework/Versions/A/QuartzCore
0x000000000b90f000 	/System/Library/Frameworks/Carbon.framework/Versions/A/Frameworks/SpeechRecognition.framework/Versions/A/SpeechRecognition
0x000000000b90f000 	/usr/lib/libauto.dylib
0x000000000b90f000 	/usr/lib/libicucore.A.dylib
0x000000000b90f000 	/usr/lib/libxml2.2.dylib
0x000000000b90f000 	/System/Library/PrivateFrameworks/CoreUI.framework/Versions/A/CoreUI
0x000000000b90f000 	/System/Library/Frameworks/CoreAudio.framework/Versions/A/CoreAudio
0x000000000b90f000 	/System/Library/Frameworks/DiskArbitration.framework/Versions/A/DiskArbitration
0x000000000b90f000 	/usr/lib/liblangid.dylib
0x000000000b90f000 	/System/Library/PrivateFrameworks/MultitouchSupport.framework/Versions/A/MultitouchSupport
0x000000000b90f000 	/System/Library/Frameworks/IOKit.framework/Versions/A/IOKit
0x000000000b90f000 	/usr/lib/libDiagnosticMessagesClient.dylib
0x000000000b90f000 	/System/Library/Frameworks/CoreServices.framework/Versions/A/CoreServices
0x000000000b90f000 	/System/Library/PrivateFrameworks/PerformanceAnalysis.framework/Versions/A/PerformanceAnalysis
0x000000000b90f000 	/System/Library/PrivateFrameworks/GenerationalStorage.framework/Versions/A/GenerationalStorage
0x000000000b90f000 	/System/Library/Frameworks/OpenGL.framework/Versions/A/OpenGL
0x000000000b90f000 	/System/Library/PrivateFrameworks/Sharing.framework/Versions/A/Sharing
0x000000000b90f000 	/System/Library/Frameworks/CoreGraphics.framework/Versions/A/CoreGraphics
0x000000000b90f000 	/System/Library/Frameworks/CoreText.framework/Versions/A/CoreText
0x000000000b90f000 	/System/Library/Frameworks/ImageIO.framework/Versions/A/ImageIO
0x000000000b90f000 	/usr/lib/libextension.dylib
0x000000000b90f000 	/System/Library/PrivateFrameworks/Backup.framework/Versions/A/Backup
0x000000000b90f000 	/usr/lib/libarchive.2.dylib
0x000000000b90f000 	/System/Library/Frameworks/CFNetwork.framework/Versions/A/CFNetwork
0x000000000b90f000 	/System/Library/Frameworks/SystemConfiguration.framework/Versions/A/SystemConfiguration
0x000000000b90f000 	/usr/lib/libCRFSuite.dylib
0x000000000b90f000 	/usr/lib/libc++.1.dylib
0x000000000b90f000 	/usr/lib/libc++abi.dylib
0x000000000b90f000 	/usr/lib/system/libcache.dylib
0x000000000b90f000 	/usr/lib/system/libcommonCrypto.dylib
0x000000000b90f000 	/usr/lib/system/libcompiler_rt.dylib
0x000000000b90f000 	/usr/lib/system/libcopyfile.dylib
0x000000000b90f000 	/usr/lib/system/libcorecrypto.dylib
0x000000000b90f000 	/usr/lib/system/libdispatch.dylib
0x000000000b90f000 	/usr/lib/system/libdyld.dylib
0x000000000b90f000 	/usr/lib/system/libkeymgr.dylib
0x000000000b90f000 	/usr/lib/system/liblaunch.dylib
0x000000000b90f000 	/usr/lib/system/libmacho.dylib
0x000000000b90f000 	/usr/lib/system/libquarantine.dylib
0x000000000b90f000 	/usr/lib/system/libremovefile.dylib
0x000000000b90f000 	/usr/lib/system/libsystem_asl.dylib
0x000000000b90f000 	/usr/lib/system/libsystem_blocks.dylib
0x000000000b90f000 	/usr/lib/system/libsystem_c.dylib
0x000000000b90f000 	/usr/lib/system/libsystem_configuration.dylib
0x000000000b90f000 	/usr/lib/system/libsystem_coreservices.dylib
0x000000000b90f000 	/usr/lib/system/libsystem_coretls.dylib
0x000000000b90f000 	/usr/lib/system/libsystem_dnssd.dylib
0x000000000b90f000 	/usr/lib/system/libsystem_info.dylib
0x000000000b90f000 	/usr/lib/system/libsystem_kernel.dylib
0x000000000b90f000 	/usr/lib/system/libsystem_m.dylib
0x000000000b90f000 	/usr/lib/system/libsystem_malloc.dylib
0x000000000b90f000 	/usr/lib/system/libsystem_network.dylib
0x000000000b90f000 	/usr/lib/system/libsystem_networkextension.dylib
0x000000000b90f000 	/usr/lib/system/libsystem_notify.dylib
0x000000000b90f000 	/usr/lib/system/libsystem_platform.dylib
0x000000000b90f000 	/usr/lib/system/libsystem_pthread.dylib
0x000000000b90f000 	/usr/lib/system/libsystem_sandbox.dylib
0x000000000b90f000 	/usr/lib/system/libsystem_secinit.dylib
0x000000000b90f000 	/usr/lib/system/libsystem_stats.dylib
0x000000000b90f000 	/usr/lib/system/libsystem_trace.dylib
0x000000000b90f000 	/usr/lib/system/libunc.dylib
0x000000000b90f000 	/usr/lib/system/libunwind.dylib
0x000000000b90f000 	/usr/lib/system/libxpc.dylib
0x000000000b90f000 	/usr/lib/libbz2.1.0.dylib
0x000000000b90f000 	/usr/lib/liblzma.5.dylib
0x000000000b90f000 	/usr/lib/libbsm.0.dylib
0x000000000b90f000 	/usr/lib/libsqlite3.dylib
0x000000000b90f000 	/usr/lib/system/libkxld.dylib
0x000000000b90f000 	/usr/lib/libxar.1.dylib
0x000000000b90f000 	/usr/lib/libpam.2.dylib
0x000000000b90f000 	/usr/lib/libOpenScriptingUtil.dylib
0x000000000b90f000 	/System/Library/Frameworks/CoreServices.framework/Versions/A/Frameworks/FSEvents.framework/Versions/A/FSEvents
0x000000000b90f000 	/System/Library/Frameworks/CoreServices.framework/Versions/A/Frameworks/CarbonCore.framework/Versions/A/CarbonCore
0x000000000b90f000 	/System/Library/Frameworks/CoreServices.framework/Versions/A/Frameworks/Metadata.framework/Versions/A/Metadata
0x000000000b90f000 	/System/Library/Frameworks/CoreServices.framework/Versions/A/Frameworks/OSServices.framework/Versions/A/OSServices
0x000000000b90f000 	/System/Library/Frameworks/CoreServices.framework/Versions/A/Frameworks/SearchKit.framework/Versions/A/SearchKit
0x000000000b90f000 	/System/Library/Frameworks/CoreServices.framework/Versions/A/Frameworks/AE.framework/Versions/A/AE
0x000000000b90f000 	/System/Library/Frameworks/CoreServices.framework/Versions/A/Frameworks/LaunchServices.framework/Versions/A/LaunchServices
0x000000000b90f000 	/System/Library/Frameworks/CoreServices.framework/Versions/A/Frameworks/DictionaryServices.framework/Versions/A/DictionaryServices
0x000000000b90f000 	/System/Library/Frameworks/NetFS.framework/Versions/A/NetFS
0x000000000b90f000 	/System/Library/PrivateFrameworks/NetAuth.framework/Versions/A/NetAuth
0x000000000b90f000 	/System/Library/PrivateFrameworks/login.framework/Versions/A/Frameworks/loginsupport.framework/Versions/A/loginsupport
0x000000000b90f000 	/System/Library/PrivateFrameworks/TCC.framework/Versions/A/TCC
0x000000000b90f000 	/usr/lib/libmecabra.dylib
0x000000000b90f000 	/System/Library/Frameworks/ApplicationServices.framework/Versions/A/Frameworks/ATS.framework/Versions/A/ATS
0x000000000b90f000 	/System/Library/Frameworks/ApplicationServices.framework/Versions/A/Frameworks/ColorSync.framework/Versions/A/ColorSync
0x000000000b90f000 	/System/Library/Frameworks/ApplicationServices.framework/Versions/A/Frameworks/HIServices.framework/Versions/A/HIServices
0x000000000b90f000 	/System/Library/Frameworks/ApplicationServices.framework/Versions/A/Frameworks/LangAnalysis.framework/Versions/A/LangAnalysis
0x000000000b90f000 	/System/Library/Frameworks/ApplicationServices.framework/Versions/A/Frameworks/PrintCore.framework/Versions/A/PrintCore
0x000000000b90f000 	/System/Library/Frameworks/ApplicationServices.framework/Versions/A/Frameworks/QD.framework/Versions/A/QD
0x000000000b90f000 	/System/Library/Frameworks/ApplicationServices.framework/Versions/A/Frameworks/SpeechSynthesis.framework/Versions/A/SpeechSynthesis
0x000000000b90f000 	/System/Library/Frameworks/Accelerate.framework/Versions/A/Accelerate
0x000000000b90f000 	/System/Library/Frameworks/Accelerate.framework/Versions/A/Frameworks/vImage.framework/Versions/A/vImage
0x000000000b90f000 	/System/Library/Frameworks/Accelerate.framework/Versions/A/Frameworks/vecLib.framework/Versions/A/vecLib
0x000000000b90f000 	/System/Library/Frameworks/Accelerate.framework/Versions/A/Frameworks/vecLib.framework/Versions/A/libvDSP.dylib
0x000000000b90f000 	/System/Library/Frameworks/Accelerate.framework/Versions/A/Frameworks/vecLib.framework/Versions/A/libvMisc.dylib
0x000000000b90f000 	/System/Library/Frameworks/Accelerate.framework/Versions/A/Frameworks/vecLib.framework/Versions/A/libLAPACK.dylib
0x000000000b90f000 	/System/Library/Frameworks/Accelerate.framework/Versions/A/Frameworks/vecLib.framework/Versions/A/libBLAS.dylib
0x000000000b90f000 	/System/Library/Frameworks/Accelerate.framework/Versions/A/Frameworks/vecLib.framework/Versions/A/libLinearAlgebra.dylib
0x000000000b90f000 	/System/Library/Frameworks/ApplicationServices.framework/Versions/A/Frameworks/ATS.framework/Versions/A/Resources/libFontParser.dylib
0x000000000b90f000 	/System/Library/Frameworks/ApplicationServices.framework/Versions/A/Frameworks/ATS.framework/Versions/A/Resources/libFontRegistry.dylib
0x000000000b90f000 	/System/Library/PrivateFrameworks/AppleVPA.framework/Versions/A/AppleVPA
0x000000000b90f000 	/System/Library/PrivateFrameworks/AppleJPEG.framework/Versions/A/AppleJPEG
0x000000000b90f000 	/System/Library/Frameworks/ImageIO.framework/Versions/A/Resources/libJPEG.dylib
0x000000000b90f000 	/System/Library/Frameworks/ImageIO.framework/Versions/A/Resources/libTIFF.dylib
0x000000000b90f000 	/System/Library/Frameworks/ImageIO.framework/Versions/A/Resources/libPng.dylib
0x000000000b90f000 	/System/Library/Frameworks/ImageIO.framework/Versions/A/Resources/libGIF.dylib
0x000000000b90f000 	/System/Library/Frameworks/ImageIO.framework/Versions/A/Resources/libJP2.dylib
0x000000000b90f000 	/System/Library/Frameworks/ImageIO.framework/Versions/A/Resources/libRadiance.dylib
0x000000000b90f000 	/System/Library/Frameworks/CoreVideo.framework/Versions/A/CoreVideo
0x000000000b90f000 	/System/Library/Frameworks/OpenGL.framework/Versions/A/Libraries/libGLU.dylib
0x000000000b90f000 	/System/Library/Frameworks/OpenGL.framework/Versions/A/Libraries/libGFXShared.dylib
0x000000000b90f000 	/System/Library/Frameworks/OpenGL.framework/Versions/A/Libraries/libGL.dylib
0x000000000b90f000 	/System/Library/Frameworks/OpenGL.framework/Versions/A/Libraries/libGLImage.dylib
0x000000000b90f000 	/System/Library/Frameworks/OpenGL.framework/Versions/A/Libraries/libCVMSPluginSupport.dylib
0x000000000b90f000 	/System/Library/Frameworks/OpenGL.framework/Versions/A/Libraries/libCoreVMClient.dylib
0x000000000b90f000 	/usr/lib/libcups.2.dylib
0x000000000b90f000 	/System/Library/Frameworks/Kerberos.framework/Versions/A/Kerberos
0x000000000b90f000 	/System/Library/Frameworks/GSS.framework/Versions/A/GSS
0x000000000b90f000 	/usr/lib/libresolv.9.dylib
0x000000000b90f000 	/usr/lib/libiconv.2.dylib
0x000000000b90f000 	/System/Library/PrivateFrameworks/Heimdal.framework/Versions/A/Heimdal
0x000000000b90f000 	/usr/lib/libheimdal-asn1.dylib
0x000000000b90f000 	/System/Library/Frameworks/OpenDirectory.framework/Versions/A/OpenDirectory
0x000000000b90f000 	/System/Library/PrivateFrameworks/CommonAuth.framework/Versions/A/CommonAuth
0x000000000b90f000 	/System/Library/Frameworks/OpenDirectory.framework/Versions/A/Frameworks/CFOpenDirectory.framework/Versions/A/CFOpenDirectory
0x000000000b90f000 	/System/Library/Frameworks/SecurityFoundation.framework/Versions/A/SecurityFoundation
0x000000000b90f000 	/System/Library/PrivateFrameworks/LanguageModeling.framework/Versions/A/LanguageModeling
0x000000000b90f000 	/usr/lib/libcmph.dylib
0x000000000b90f000 	/System/Library/Frameworks/ServiceManagement.framework/Versions/A/ServiceManagement
0x000000000b90f000 	/usr/lib/libxslt.1.dylib
0x000000000b90f000 	/System/Library/Frameworks/Carbon.framework/Versions/A/Frameworks/Ink.framework/Versions/A/Ink
0x000000000b90f000 	/System/Library/Frameworks/QuartzCore.framework/Versions/A/Frameworks/CoreImage.framework/Versions/A/CoreImage
0x000000000b90f000 	/System/Library/PrivateFrameworks/CrashReporterSupport.framework/Versions/A/CrashReporterSupport
0x000000000b90f000 	/System/Library/Frameworks/OpenCL.framework/Versions/A/OpenCL
0x000000000b90f000 	/System/Library/PrivateFrameworks/FaceCore.framework/Versions/A/FaceCore
0x000000000b90f000 	/System/Library/PrivateFrameworks/Ubiquity.framework/Versions/A/Ubiquity
0x000000000b90f000 	/System/Library/PrivateFrameworks/IconServices.framework/Versions/A/IconServices
0x000000000b90f000 	/System/Library/PrivateFrameworks/ChunkingLibrary.framework/Versions/A/ChunkingLibrary
0x000000000b90f000 	/System/Library/PrivateFrameworks/Apple80211.framework/Versions/A/Apple80211
0x000000000b90f000 	/System/Library/Frameworks/CoreWLAN.framework/Versions/A/CoreWLAN
0x000000000b90f000 	/System/Library/Frameworks/IOBluetooth.framework/Versions/A/IOBluetooth
0x000000000b90f000 	/System/Library/PrivateFrameworks/CoreWiFi.framework/Versions/A/CoreWiFi
0x000000000b90f000 	/System/Library/Frameworks/CoreBluetooth.framework/Versions/A/CoreBluetooth
0x000000000b90f000 	/System/Library/PrivateFrameworks/DebugSymbols.framework/Versions/A/DebugSymbols
0x000000000b90f000 	/System/Library/PrivateFrameworks/CoreSymbolication.framework/Versions/A/CoreSymbolication
0x000000000b90f000 	/System/Library/PrivateFrameworks/Symbolication.framework/Versions/A/Symbolication
0x000000000b90f000 	/System/Library/PrivateFrameworks/SpeechRecognitionCore.framework/Versions/A/SpeechRecognitionCore
0x0000000109200000 	/Library/Java/JavaVirtualMachines/jdk1.8.0_45.jdk/Contents/Home/jre/lib/server/libjvm.dylib
0x000000000b90f000 	/usr/lib/libstdc++.6.dylib
0x00000001089ef000 	/Library/Java/JavaVirtualMachines/jdk1.8.0_45.jdk/Contents/Home/jre/lib/libverify.dylib
0x000000010a26c000 	/Library/Java/JavaVirtualMachines/jdk1.8.0_45.jdk/Contents/Home/jre/lib/libjava.dylib
0x000000010a2a9000 	/Library/Java/JavaVirtualMachines/jdk1.8.0_45.jdk/Contents/Home/jre/lib/libzip.dylib
0x0000000120329000 	/System/Library/Frameworks/JavaVM.framework/Frameworks/JavaRuntimeSupport.framework/JavaRuntimeSupport
0x000000012033f000 	/System/Library/Frameworks/JavaVM.framework/Versions/A/Frameworks/JavaNativeFoundation.framework/Versions/A/JavaNativeFoundation
0x0000000120353000 	/System/Library/Frameworks/JavaVM.framework/Versions/A/JavaVM
0x000000000b90f000 	/System/Library/Frameworks/Carbon.framework/Versions/A/Carbon
0x000000012035f000 	/System/Library/PrivateFrameworks/JavaLaunching.framework/Versions/A/JavaLaunching
0x000000000b90f000 	/System/Library/Frameworks/Carbon.framework/Versions/A/Frameworks/CommonPanels.framework/Versions/A/CommonPanels
0x000000000b90f000 	/System/Library/Frameworks/Carbon.framework/Versions/A/Frameworks/Help.framework/Versions/A/Help
0x000000000b90f000 	/System/Library/Frameworks/Carbon.framework/Versions/A/Frameworks/ImageCapture.framework/Versions/A/ImageCapture
0x000000000b90f000 	/System/Library/Frameworks/Carbon.framework/Versions/A/Frameworks/OpenScripting.framework/Versions/A/OpenScripting
0x000000000b90f000 	/System/Library/Frameworks/Carbon.framework/Versions/A/Frameworks/Print.framework/Versions/A/Print
0x000000000b90f000 	/System/Library/Frameworks/Carbon.framework/Versions/A/Frameworks/SecurityHI.framework/Versions/A/SecurityHI

VM Arguments:
jvm_args: -Dfile.encoding=UTF-8 
java_command: javaBasic.ListEfficiencyTest
java_class_path (initial): /Users/txie/workspace/eclipse/JavaTest/bin:/local/eclipse/plugins/org.junit_4.11.0.v201303080030/junit.jar:/local/eclipse/plugins/org.hamcrest.core_1.3.0.v201303031735.jar
Launcher Type: SUN_STANDARD

Environment Variables:
PATH=/usr/bin:/bin:/usr/sbin:/sbin
SHELL=/bin/bash

Signal Handlers:
SIGSEGV: [libjvm.dylib+0x58ef95], sa_mask[0]=11111111011111110111111111111111, sa_flags=SA_ONSTACK|SA_RESTART|SA_SIGINFO
SIGBUS: [libjvm.dylib+0x58ef95], sa_mask[0]=11111111011111110111111111111111, sa_flags=SA_RESTART|SA_SIGINFO
SIGFPE: [libjvm.dylib+0x46c108], sa_mask[0]=11111111011111110111111111111111, sa_flags=SA_RESTART|SA_SIGINFO
SIGPIPE: [libjvm.dylib+0x46c108], sa_mask[0]=11111111011111110111111111111111, sa_flags=SA_RESTART|SA_SIGINFO
SIGXFSZ: [libjvm.dylib+0x46c108], sa_mask[0]=11111111011111110111111111111111, sa_flags=SA_RESTART|SA_SIGINFO
SIGILL: [libjvm.dylib+0x46c108], sa_mask[0]=11111111011111110111111111111111, sa_flags=SA_RESTART|SA_SIGINFO
SIGUSR1: SIG_DFL, sa_mask[0]=00000000000000000000000000000000, sa_flags=none
SIGUSR2: [libjvm.dylib+0x46bc26], sa_mask[0]=00100000000000000000000000000000, sa_flags=SA_RESTART|SA_SIGINFO
SIGHUP: [libjvm.dylib+0x46a1f9], sa_mask[0]=11111111011111110111111111111111, sa_flags=SA_RESTART|SA_SIGINFO
SIGINT: [libjvm.dylib+0x46a1f9], sa_mask[0]=11111111011111110111111111111111, sa_flags=SA_RESTART|SA_SIGINFO
SIGTERM: [libjvm.dylib+0x46a1f9], sa_mask[0]=11111111011111110111111111111111, sa_flags=SA_RESTART|SA_SIGINFO
SIGQUIT: [libjvm.dylib+0x46a1f9], sa_mask[0]=11111111011111110111111111111111, sa_flags=SA_RESTART|SA_SIGINFO


---------------  S Y S T E M  ---------------

OS:Bsduname:Darwin 14.3.0 Darwin Kernel Version 14.3.0: Mon Mar 23 11:59:05 PDT 2015; root:xnu-2782.20.48~5/RELEASE_X86_64 x86_64
rlimit: STACK 8192k, CORE 0k, NPROC 709, NOFILE 10240, AS infinity
load average:2.56 2.47 2.06

CPU:total 4 (2 cores per cpu, 2 threads per core) family 6 model 61 stepping 4, cmov, cx8, fxsr, mmx, sse, sse2, sse3, ssse3, sse4.1, sse4.2, popcnt, avx, avx2, aes, clmul, erms, 3dnowpref, lzcnt, ht, tsc, tscinvbit, bmi1, bmi2, adx

Memory: 4k page, physical 8388608k(1483724k free)

/proc/meminfo:


vm_info: Java HotSpot(TM) 64-Bit Server VM (25.45-b02) for bsd-amd64 JRE (1.8.0_45-b14), built on Apr 10 2015 10:46:38 by "java_re" with gcc 4.2.1 (Based on Apple Inc. build 5658) (LLVM build 2336.11.00)

time: Tue May 12 18:16:32 2015
elapsed time: 1086 seconds (0d 0h 18m 6s)

